<?xml version="1.0" encoding="UTF-8" ?>
<testsuite failures="0" time="0.004" errors="0" skipped="0" tests="47" name="org.apache.commons.lang3.StringUtilsEqualsIndexOfTest">
  <properties>
[...]
</properties>
  <testcase time="0" classname="org.apache.commons.lang3.StringUtilsEqualsIndexOfTest" name="testLastIndexOfIgnoreCase_StringInt"/>
  <testcase time="0" classname="org.apache.commons.lang3.StringUtilsEqualsIndexOfTest" name="testContainsAny_StringCharArrayWithSupplementaryChars"/>
  <testcase time="0" classname="org.apache.commons.lang3.StringUtilsEqualsIndexOfTest" name="testContainsNone_CharArrayWithSupplementaryChars"/>
  <testcase time="0" classname="org.apache.commons.lang3.StringUtilsEqualsIndexOfTest" name="testContains_StringWithSupplementaryChars"/>
  <testcase time="0" classname="org.apache.commons.lang3.StringUtilsEqualsIndexOfTest" name="testContainsNone_StringWithSupplementaryChars"/>
  <testcase time="0" classname="org.apache.commons.lang3.StringUtilsEqualsIndexOfTest" name="testContainsOnly_String"/>
  <testcase time="0" classname="org.apache.commons.lang3.StringUtilsEqualsIndexOfTest" name="testLastIndexOf_String"/>
  <testcase time="0" classname="org.apache.commons.lang3.StringUtilsEqualsIndexOfTest" name="testContainsAny_StringCharArrayWithBadSupplementaryChars"/>
  <testcase time="0" classname="org.apache.commons.lang3.StringUtilsEqualsIndexOfTest" name="testOrdinalIndexOf"/>
  <testcase time="0" classname="org.apache.commons.lang3.StringUtilsEqualsIndexOfTest" name="testIndexOfAnyBut_StringStringWithSupplementaryChars"/>
  <testcase time="0" classname="org.apache.commons.lang3.StringUtilsEqualsIndexOfTest" name="testContains_String"/>
  <testcase time="0" classname="org.apache.commons.lang3.StringUtilsEqualsIndexOfTest" name="testEqualsIgnoreCase"/>
  <testcase time="0" classname="org.apache.commons.lang3.StringUtilsEqualsIndexOfTest" name="testContainsNone_CharArray"/>
  <testcase time="0" classname="org.apache.commons.lang3.StringUtilsEqualsIndexOfTest" name="testIndexOfIgnoreCase_StringInt"/>
  <testcase time="0" classname="org.apache.commons.lang3.StringUtilsEqualsIndexOfTest" name="testContainsAny_StringWithBadSupplementaryChars"/>
  <testcase time="0" classname="org.apache.commons.lang3.StringUtilsEqualsIndexOfTest" name="testLastOrdinalIndexOf"/>
  <testcase time="0" classname="org.apache.commons.lang3.StringUtilsEqualsIndexOfTest" name="testIndexOfAny_StringString"/>
  <testcase time="0" classname="org.apache.commons.lang3.StringUtilsEqualsIndexOfTest" name="testIndexOfIgnoreCase_String"/>
  <testcase time="0.001" classname="org.apache.commons.lang3.StringUtilsEqualsIndexOfTest" name="testContainsIgnoreCase_StringString"/>
  <testcase time="0" classname="org.apache.commons.lang3.StringUtilsEqualsIndexOfTest" name="testIndexOfAnyBut_StringString"/>
  <testcase time="0" classname="org.apache.commons.lang3.StringUtilsEqualsIndexOfTest" name="testContains_Char"/>
  <testcase time="0" classname="org.apache.commons.lang3.StringUtilsEqualsIndexOfTest" name="testIndexOf_char"/>
  <testcase time="0" classname="org.apache.commons.lang3.StringUtilsEqualsIndexOfTest" name="testIndexOfAny_StringCharArrayWithSupplementaryChars"/>
  <testcase time="0" classname="org.apache.commons.lang3.StringUtilsEqualsIndexOfTest" name="testIndexOf_charInt"/>
  <testcase time="0.001" classname="org.apache.commons.lang3.StringUtilsEqualsIndexOfTest" name="testContainsNone_String"/>
  <testcase time="0" classname="org.apache.commons.lang3.StringUtilsEqualsIndexOfTest" name="testContainsIgnoreCase_LocaleIndependence"/>
  <testcase time="0" classname="org.apache.commons.lang3.StringUtilsEqualsIndexOfTest" name="testContainsAny_StringString"/>
  <testcase time="0" classname="org.apache.commons.lang3.StringUtilsEqualsIndexOfTest" name="testIndexOfAnyBut_StringCharArrayWithSupplementaryChars"/>
  <testcase time="0" classname="org.apache.commons.lang3.StringUtilsEqualsIndexOfTest" name="testLastIndexOf_charInt"/>
  <testcase time="0.001" classname="org.apache.commons.lang3.StringUtilsEqualsIndexOfTest" name="testContainsNone_StringWithBadSupplementaryChars"/>
  <testcase time="0" classname="org.apache.commons.lang3.StringUtilsEqualsIndexOfTest" name="testIndexOfAnyBut_StringCharArray"/>
  <testcase time="0" classname="org.apache.commons.lang3.StringUtilsEqualsIndexOfTest" name="testContainsAny_StringWithSupplementaryChars"/>
  <testcase time="0" classname="org.apache.commons.lang3.StringUtilsEqualsIndexOfTest" name="testIndexOf_StringInt"/>
  <testcase time="0" classname="org.apache.commons.lang3.StringUtilsEqualsIndexOfTest" name="testLastIndexOf_StringInt"/>
  <testcase time="0" classname="org.apache.commons.lang3.StringUtilsEqualsIndexOfTest" name="testIndexOfAny_StringStringArray"/>
  <testcase time="0" classname="org.apache.commons.lang3.StringUtilsEqualsIndexOfTest" name="testEquals"/>
  <testcase time="0" classname="org.apache.commons.lang3.StringUtilsEqualsIndexOfTest" name="testLastIndexOf_char"/>
  <testcase time="0" classname="org.apache.commons.lang3.StringUtilsEqualsIndexOfTest" name="testContainsOnly_CharArray"/>
  <testcase time="0" classname="org.apache.commons.lang3.StringUtilsEqualsIndexOfTest" name="testContainsWhitespace"/>
  <testcase time="0" classname="org.apache.commons.lang3.StringUtilsEqualsIndexOfTest" name="testIndexOfAny_StringStringWithSupplementaryChars"/>
  <testcase time="0" classname="org.apache.commons.lang3.StringUtilsEqualsIndexOfTest" name="testLastIndexOfAny_StringStringArray"/>
  <testcase time="0" classname="org.apache.commons.lang3.StringUtilsEqualsIndexOfTest" name="testContainsAny_StringCharArray"/>
  <testcase time="0" classname="org.apache.commons.lang3.StringUtilsEqualsIndexOfTest" name="testLastIndexOfIgnoreCase_String"/>
  <testcase time="0" classname="org.apache.commons.lang3.StringUtilsEqualsIndexOfTest" name="testIndexOf_String"/>
  <testcase time="0" classname="org.apache.commons.lang3.StringUtilsEqualsIndexOfTest" name="testContainsNone_CharArrayWithBadSupplementaryChars"/>
  <testcase time="0" classname="org.apache.commons.lang3.StringUtilsEqualsIndexOfTest" name="testIndexOfAny_StringCharArray"/>
  <testcase time="0.001" classname="org.apache.commons.lang3.StringUtilsEqualsIndexOfTest" name="testContains_StringWithBadSupplementaryChars"/>
</testsuite>