<?xml version="1.0" encoding="UTF-8" ?>
<testsuite failures="0" time="0.009" errors="0" skipped="0" tests="55" name="org.apache.commons.lang3.text.StrTokenizerTest">
  <properties>
[...]
</properties>
  <testcase time="0.004" classname="org.apache.commons.lang3.text.StrTokenizerTest" name="testCSVSimple"/>
  <testcase time="0" classname="org.apache.commons.lang3.text.StrTokenizerTest" name="testBasicDelim1"/>
  <testcase time="0" classname="org.apache.commons.lang3.text.StrTokenizerTest" name="testBasicDelim2"/>
  <testcase time="0" classname="org.apache.commons.lang3.text.StrTokenizerTest" name="testBasicEmpty1"/>
  <testcase time="0" classname="org.apache.commons.lang3.text.StrTokenizerTest" name="testBasicEmpty2"/>
  <testcase time="0" classname="org.apache.commons.lang3.text.StrTokenizerTest" name="testConstructor_charArray_char"/>
  <testcase time="0" classname="org.apache.commons.lang3.text.StrTokenizerTest" name="testTSV"/>
  <testcase time="0" classname="org.apache.commons.lang3.text.StrTokenizerTest" name="testIteration"/>
  <testcase time="0" classname="org.apache.commons.lang3.text.StrTokenizerTest" name="testConstructor_String_char_char"/>
  <testcase time="0" classname="org.apache.commons.lang3.text.StrTokenizerTest" name="testReset"/>
  <testcase time="0" classname="org.apache.commons.lang3.text.StrTokenizerTest" name="testReset_charArray"/>
  <testcase time="0" classname="org.apache.commons.lang3.text.StrTokenizerTest" name="testToString"/>
  <testcase time="0" classname="org.apache.commons.lang3.text.StrTokenizerTest" name="testTokenizeSubclassOutputChange"/>
  <testcase time="0" classname="org.apache.commons.lang3.text.StrTokenizerTest" name="testListArray"/>
  <testcase time="0" classname="org.apache.commons.lang3.text.StrTokenizerTest" name="testBasicQuoted1"/>
  <testcase time="0" classname="org.apache.commons.lang3.text.StrTokenizerTest" name="testBasicQuoted2"/>
  <testcase time="0" classname="org.apache.commons.lang3.text.StrTokenizerTest" name="testBasicQuoted3"/>
  <testcase time="0" classname="org.apache.commons.lang3.text.StrTokenizerTest" name="testBasicQuoted4"/>
  <testcase time="0" classname="org.apache.commons.lang3.text.StrTokenizerTest" name="testBasicQuoted5"/>
  <testcase time="0.001" classname="org.apache.commons.lang3.text.StrTokenizerTest" name="testBasicQuoted6"/>
  <testcase time="0" classname="org.apache.commons.lang3.text.StrTokenizerTest" name="testBasicQuoted7"/>
  <testcase time="0" classname="org.apache.commons.lang3.text.StrTokenizerTest" name="testCloneNotSupportedException"/>
  <testcase time="0" classname="org.apache.commons.lang3.text.StrTokenizerTest" name="testReset_String"/>
  <testcase time="0.001" classname="org.apache.commons.lang3.text.StrTokenizerTest" name="testTSVEmpty"/>
  <testcase time="0" classname="org.apache.commons.lang3.text.StrTokenizerTest" name="testConstructor_String"/>
  <testcase time="0" classname="org.apache.commons.lang3.text.StrTokenizerTest" name="testCloneNull"/>
  <testcase time="0" classname="org.apache.commons.lang3.text.StrTokenizerTest" name="test1"/>
  <testcase time="0.001" classname="org.apache.commons.lang3.text.StrTokenizerTest" name="test2"/>
  <testcase time="0" classname="org.apache.commons.lang3.text.StrTokenizerTest" name="test3"/>
  <testcase time="0" classname="org.apache.commons.lang3.text.StrTokenizerTest" name="test4"/>
  <testcase time="0" classname="org.apache.commons.lang3.text.StrTokenizerTest" name="test5"/>
  <testcase time="0.001" classname="org.apache.commons.lang3.text.StrTokenizerTest" name="test6"/>
  <testcase time="0" classname="org.apache.commons.lang3.text.StrTokenizerTest" name="test7"/>
  <testcase time="0" classname="org.apache.commons.lang3.text.StrTokenizerTest" name="test8"/>
  <testcase time="0" classname="org.apache.commons.lang3.text.StrTokenizerTest" name="testConstructor_String_char"/>
  <testcase time="0" classname="org.apache.commons.lang3.text.StrTokenizerTest" name="testTokenizeSubclassInputChange"/>
  <testcase time="0" classname="org.apache.commons.lang3.text.StrTokenizerTest" name="testCSVEmpty"/>
  <testcase time="0" classname="org.apache.commons.lang3.text.StrTokenizerTest" name="testConstructor_charArray"/>
  <testcase time="0" classname="org.apache.commons.lang3.text.StrTokenizerTest" name="testConstructor_charArray_char_char"/>
  <testcase time="0" classname="org.apache.commons.lang3.text.StrTokenizerTest" name="testCSVSimpleNeedsTrim"/>
  <testcase time="0" classname="org.apache.commons.lang3.text.StrTokenizerTest" name="testBasicIgnoreTrimmed1"/>
  <testcase time="0" classname="org.apache.commons.lang3.text.StrTokenizerTest" name="testBasicIgnoreTrimmed2"/>
  <testcase time="0" classname="org.apache.commons.lang3.text.StrTokenizerTest" name="testBasicIgnoreTrimmed3"/>
  <testcase time="0" classname="org.apache.commons.lang3.text.StrTokenizerTest" name="testBasicIgnoreTrimmed4"/>
  <testcase time="0" classname="org.apache.commons.lang3.text.StrTokenizerTest" name="testBasicQuotedTrimmed1"/>
  <testcase time="0" classname="org.apache.commons.lang3.text.StrTokenizerTest" name="testBasic1"/>
  <testcase time="0.001" classname="org.apache.commons.lang3.text.StrTokenizerTest" name="testBasic2"/>
  <testcase time="0" classname="org.apache.commons.lang3.text.StrTokenizerTest" name="testBasic3"/>
  <testcase time="0" classname="org.apache.commons.lang3.text.StrTokenizerTest" name="testBasic4"/>
  <testcase time="0" classname="org.apache.commons.lang3.text.StrTokenizerTest" name="testBasic5"/>
  <testcase time="0" classname="org.apache.commons.lang3.text.StrTokenizerTest" name="testGetContent"/>
  <testcase time="0" classname="org.apache.commons.lang3.text.StrTokenizerTest" name="testCloneReset"/>
  <testcase time="0" classname="org.apache.commons.lang3.text.StrTokenizerTest" name="testBasicTrimmed1"/>
  <testcase time="0" classname="org.apache.commons.lang3.text.StrTokenizerTest" name="testBasicTrimmed2"/>
  <testcase time="0" classname="org.apache.commons.lang3.text.StrTokenizerTest" name="testChaining"/>
</testsuite>