<?xml version="1.0" encoding="UTF-8" ?>
<testsuite failures="0" time="0.006" errors="0" skipped="0" tests="45" name="org.apache.commons.lang3.text.StrBuilderAppendInsertTest">
  <properties>
[...]
</properties>
  <testcase time="0" classname="org.apache.commons.lang3.text.StrBuilderAppendInsertTest" name="testAppendWithSeparators_Collection"/>
  <testcase time="0" classname="org.apache.commons.lang3.text.StrBuilderAppendInsertTest" name="testInsertWithNullText"/>
  <testcase time="0" classname="org.apache.commons.lang3.text.StrBuilderAppendInsertTest" name="testAppendFixedWidthPadRight_int"/>
  <testcase time="0.001" classname="org.apache.commons.lang3.text.StrBuilderAppendInsertTest" name="testAppendln_PrimitiveNumber"/>
  <testcase time="0" classname="org.apache.commons.lang3.text.StrBuilderAppendInsertTest" name="testAppend_Boolean"/>
  <testcase time="0" classname="org.apache.commons.lang3.text.StrBuilderAppendInsertTest" name="testAppendln_Boolean"/>
  <testcase time="0" classname="org.apache.commons.lang3.text.StrBuilderAppendInsertTest" name="testAppend_StrBuilder_int_int"/>
  <testcase time="0" classname="org.apache.commons.lang3.text.StrBuilderAppendInsertTest" name="testAppendln_CharArray_int_int"/>
  <testcase time="0" classname="org.apache.commons.lang3.text.StrBuilderAppendInsertTest" name="testAppendFixedWidthPadLeft"/>
  <testcase time="0" classname="org.apache.commons.lang3.text.StrBuilderAppendInsertTest" name="testAppendln_String_int_int"/>
  <testcase time="0" classname="org.apache.commons.lang3.text.StrBuilderAppendInsertTest" name="testAppendFixedWidthPadLeft_int"/>
  <testcase time="0" classname="org.apache.commons.lang3.text.StrBuilderAppendInsertTest" name="testAppendAll_Collection"/>
  <testcase time="0" classname="org.apache.commons.lang3.text.StrBuilderAppendInsertTest" name="testAppendNewLine"/>
  <testcase time="0" classname="org.apache.commons.lang3.text.StrBuilderAppendInsertTest" name="testAppend_CharArray_int_int"/>
  <testcase time="0.001" classname="org.apache.commons.lang3.text.StrBuilderAppendInsertTest" name="testAppendln_StringBuffer"/>
  <testcase time="0" classname="org.apache.commons.lang3.text.StrBuilderAppendInsertTest" name="testAppendAll_Iterator"/>
  <testcase time="0" classname="org.apache.commons.lang3.text.StrBuilderAppendInsertTest" name="testAppendSeparator_char_char"/>
  <testcase time="0" classname="org.apache.commons.lang3.text.StrBuilderAppendInsertTest" name="testLang299"/>
  <testcase time="0" classname="org.apache.commons.lang3.text.StrBuilderAppendInsertTest" name="testAppendWithSeparators_Iterator"/>
  <testcase time="0" classname="org.apache.commons.lang3.text.StrBuilderAppendInsertTest" name="testAppendWithNullText"/>
  <testcase time="0" classname="org.apache.commons.lang3.text.StrBuilderAppendInsertTest" name="testAppendln_StrBuilder"/>
  <testcase time="0" classname="org.apache.commons.lang3.text.StrBuilderAppendInsertTest" name="testAppendln_Object"/>
  <testcase time="0" classname="org.apache.commons.lang3.text.StrBuilderAppendInsertTest" name="testAppend_StrBuilder"/>
  <testcase time="0" classname="org.apache.commons.lang3.text.StrBuilderAppendInsertTest" name="testAppendSeparator_String"/>
  <testcase time="0" classname="org.apache.commons.lang3.text.StrBuilderAppendInsertTest" name="testAppendln_String"/>
  <testcase time="0" classname="org.apache.commons.lang3.text.StrBuilderAppendInsertTest" name="testAppendSeparator_char_int"/>
  <testcase time="0" classname="org.apache.commons.lang3.text.StrBuilderAppendInsertTest" name="testAppendSeparator_String_String"/>
  <testcase time="0.001" classname="org.apache.commons.lang3.text.StrBuilderAppendInsertTest" name="testAppendAll_Array"/>
  <testcase time="0" classname="org.apache.commons.lang3.text.StrBuilderAppendInsertTest" name="testAppendSeparator_char"/>
  <testcase time="0" classname="org.apache.commons.lang3.text.StrBuilderAppendInsertTest" name="testAppend_StringBuffer"/>
  <testcase time="0" classname="org.apache.commons.lang3.text.StrBuilderAppendInsertTest" name="testAppendWithSeparatorsWithNullText"/>
  <testcase time="0" classname="org.apache.commons.lang3.text.StrBuilderAppendInsertTest" name="testAppendSeparator_String_int"/>
  <testcase time="0" classname="org.apache.commons.lang3.text.StrBuilderAppendInsertTest" name="testAppendln_StringBuffer_int_int"/>
  <testcase time="0.001" classname="org.apache.commons.lang3.text.StrBuilderAppendInsertTest" name="testAppend_Object"/>
  <testcase time="0" classname="org.apache.commons.lang3.text.StrBuilderAppendInsertTest" name="testAppend_StringBuffer_int_int"/>
  <testcase time="0" classname="org.apache.commons.lang3.text.StrBuilderAppendInsertTest" name="testAppendPadding"/>
  <testcase time="0" classname="org.apache.commons.lang3.text.StrBuilderAppendInsertTest" name="testAppend_String"/>
  <testcase time="0" classname="org.apache.commons.lang3.text.StrBuilderAppendInsertTest" name="testAppend_String_int_int"/>
  <testcase time="0" classname="org.apache.commons.lang3.text.StrBuilderAppendInsertTest" name="testAppend_PrimitiveNumber"/>
  <testcase time="0.001" classname="org.apache.commons.lang3.text.StrBuilderAppendInsertTest" name="testInsert"/>
  <testcase time="0" classname="org.apache.commons.lang3.text.StrBuilderAppendInsertTest" name="testAppendFixedWidthPadRight"/>
  <testcase time="0" classname="org.apache.commons.lang3.text.StrBuilderAppendInsertTest" name="testAppendln_StrBuilder_int_int"/>
  <testcase time="0" classname="org.apache.commons.lang3.text.StrBuilderAppendInsertTest" name="testAppend_CharArray"/>
  <testcase time="0" classname="org.apache.commons.lang3.text.StrBuilderAppendInsertTest" name="testAppendln_CharArray"/>
  <testcase time="0.001" classname="org.apache.commons.lang3.text.StrBuilderAppendInsertTest" name="testAppendWithSeparators_Array"/>
</testsuite>