<?xml version="1.0" encoding="UTF-8" ?>
<testsuite failures="0" time="0.152" errors="0" skipped="0" tests="33" name="org.apache.commons.lang3.time.DateUtilsTest">
  <properties>
[...]
</properties>
  <testcase time="0.014" classname="org.apache.commons.lang3.time.DateUtilsTest" name="testParseDateWithLeniency"/>
  <testcase time="0.004" classname="org.apache.commons.lang3.time.DateUtilsTest" name="testAddMinutes"/>
  <testcase time="0.014" classname="org.apache.commons.lang3.time.DateUtilsTest" name="testMonthIterator"/>
  <testcase time="0.005" classname="org.apache.commons.lang3.time.DateUtilsTest" name="testRoundLang346"/>
  <testcase time="0.003" classname="org.apache.commons.lang3.time.DateUtilsTest" name="testSetMilliseconds"/>
  <testcase time="0.012" classname="org.apache.commons.lang3.time.DateUtilsTest" name="testTruncate"/>
  <testcase time="0.002" classname="org.apache.commons.lang3.time.DateUtilsTest" name="testIsSameLocalTime_Cal"/>
  <testcase time="0.002" classname="org.apache.commons.lang3.time.DateUtilsTest" name="testAddDays"/>
  <testcase time="0.016" classname="org.apache.commons.lang3.time.DateUtilsTest" name="testRound"/>
  <testcase time="0.003" classname="org.apache.commons.lang3.time.DateUtilsTest" name="testParseDate"/>
  <testcase time="0.014" classname="org.apache.commons.lang3.time.DateUtilsTest" name="testCeil"/>
  <testcase time="0.002" classname="org.apache.commons.lang3.time.DateUtilsTest" name="testAddSeconds"/>
  <testcase time="0.002" classname="org.apache.commons.lang3.time.DateUtilsTest" name="testSetMinutes"/>
  <testcase time="0.002" classname="org.apache.commons.lang3.time.DateUtilsTest" name="testToCalendar"/>
  <testcase time="0.002" classname="org.apache.commons.lang3.time.DateUtilsTest" name="testAddHours"/>
  <testcase time="0.002" classname="org.apache.commons.lang3.time.DateUtilsTest" name="testAddWeeks"/>
  <testcase time="0.002" classname="org.apache.commons.lang3.time.DateUtilsTest" name="testAddYears"/>
  <testcase time="0.004" classname="org.apache.commons.lang3.time.DateUtilsTest" name="testTruncateLang59"/>
  <testcase time="0.002" classname="org.apache.commons.lang3.time.DateUtilsTest" name="testIsSameInstant_Date"/>
  <testcase time="0.006" classname="org.apache.commons.lang3.time.DateUtilsTest" name="testLang530"/>
  <testcase time="0.002" classname="org.apache.commons.lang3.time.DateUtilsTest" name="testSetSeconds"/>
  <testcase time="0.002" classname="org.apache.commons.lang3.time.DateUtilsTest" name="testIsSameInstant_Cal"/>
  <testcase time="0.002" classname="org.apache.commons.lang3.time.DateUtilsTest" name="testAddMonths"/>
  <testcase time="0.017" classname="org.apache.commons.lang3.time.DateUtilsTest" name="testWeekIterator"/>
  <testcase time="0.002" classname="org.apache.commons.lang3.time.DateUtilsTest" name="testSetMonths"/>
  <testcase time="0.002" classname="org.apache.commons.lang3.time.DateUtilsTest" name="testSetDays"/>
  <testcase time="0.002" classname="org.apache.commons.lang3.time.DateUtilsTest" name="testIsSameDay_Date"/>
  <testcase time="0.001" classname="org.apache.commons.lang3.time.DateUtilsTest" name="testIsSameDay_Cal"/>
  <testcase time="0.002" classname="org.apache.commons.lang3.time.DateUtilsTest" name="testIteratorEx"/>
  <testcase time="0.002" classname="org.apache.commons.lang3.time.DateUtilsTest" name="testAddMilliseconds"/>
  <testcase time="0.002" classname="org.apache.commons.lang3.time.DateUtilsTest" name="testConstructor"/>
  <testcase time="0.001" classname="org.apache.commons.lang3.time.DateUtilsTest" name="testSetHours"/>
  <testcase time="0.002" classname="org.apache.commons.lang3.time.DateUtilsTest" name="testSetYears"/>
</testsuite>