<?xml version="1.0" encoding="UTF-8" ?>
<testsuite failures="0" time="0.007" errors="0" skipped="0" tests="52" name="org.apache.commons.lang3.ValidateTest">
  <properties>
[...]
</properties>
  <testcase time="0" classname="org.apache.commons.lang3.ValidateTest" name="testNotBlankNotBlankStringWithNewlinesShouldNotThrow"/>
  <testcase time="0" classname="org.apache.commons.lang3.ValidateTest" name="testNotNull1"/>
  <testcase time="0" classname="org.apache.commons.lang3.ValidateTest" name="testNotNull2"/>
  <testcase time="0" classname="org.apache.commons.lang3.ValidateTest" name="testNotBlankNullStringShouldThrow"/>
  <testcase time="0" classname="org.apache.commons.lang3.ValidateTest" name="testNotBlankMsgEmptyStringShouldThrow"/>
  <testcase time="0" classname="org.apache.commons.lang3.ValidateTest" name="testValidIndex_array"/>
  <testcase time="0" classname="org.apache.commons.lang3.ValidateTest" name="testNotBlankMsgBlankStringShouldThrow"/>
  <testcase time="0" classname="org.apache.commons.lang3.ValidateTest" name="testValidIndex_charSequence"/>
  <testcase time="0" classname="org.apache.commons.lang3.ValidateTest" name="testValidIndex_withMessage_collection"/>
  <testcase time="0" classname="org.apache.commons.lang3.ValidateTest" name="testNotBlankReturnValues1"/>
  <testcase time="0" classname="org.apache.commons.lang3.ValidateTest" name="testNotBlankReturnValues2"/>
  <testcase time="0" classname="org.apache.commons.lang3.ValidateTest" name="testInclusiveBetween_withMessage"/>
  <testcase time="0" classname="org.apache.commons.lang3.ValidateTest" name="testMatchesPattern"/>
  <testcase time="0" classname="org.apache.commons.lang3.ValidateTest" name="testNotEmptyMap1"/>
  <testcase time="0" classname="org.apache.commons.lang3.ValidateTest" name="testNotEmptyMap2"/>
  <testcase time="0" classname="org.apache.commons.lang3.ValidateTest" name="testIsInstanceOf"/>
  <testcase time="0" classname="org.apache.commons.lang3.ValidateTest" name="testValidIndex_withMessage_charSequence"/>
  <testcase time="0" classname="org.apache.commons.lang3.ValidateTest" name="testNotBlankBlankStringWithNewlinesShouldThrow"/>
  <testcase time="0" classname="org.apache.commons.lang3.ValidateTest" name="testNotBlankMsgNotBlankStringWithWhitespacesShouldNotThrow"/>
  <testcase time="0.001" classname="org.apache.commons.lang3.ValidateTest" name="testNotBlankNotBlankStringShouldNotThrow"/>
  <testcase time="0" classname="org.apache.commons.lang3.ValidateTest" name="testIsAssignable"/>
  <testcase time="0" classname="org.apache.commons.lang3.ValidateTest" name="testNotBlankMsgNotBlankStringShouldNotThrow"/>
  <testcase time="0" classname="org.apache.commons.lang3.ValidateTest" name="testValidIndex_withMessage_array"/>
  <testcase time="0.001" classname="org.apache.commons.lang3.ValidateTest" name="testNoNullElementsCollection1"/>
  <testcase time="0" classname="org.apache.commons.lang3.ValidateTest" name="testNoNullElementsCollection2"/>
  <testcase time="0" classname="org.apache.commons.lang3.ValidateTest" name="testExclusiveBetween"/>
  <testcase time="0" classname="org.apache.commons.lang3.ValidateTest" name="testInclusiveBetween"/>
  <testcase time="0.001" classname="org.apache.commons.lang3.ValidateTest" name="testNotBlankEmptyStringShouldThrow"/>
  <testcase time="0" classname="org.apache.commons.lang3.ValidateTest" name="testNotBlankMsgNullStringShouldThrow"/>
  <testcase time="0" classname="org.apache.commons.lang3.ValidateTest" name="testNotBlankMsgNotBlankStringWithNewlinesShouldNotThrow"/>
  <testcase time="0" classname="org.apache.commons.lang3.ValidateTest" name="testIsAssignable_withMessage"/>
  <testcase time="0" classname="org.apache.commons.lang3.ValidateTest" name="testNotEmptyString1"/>
  <testcase time="0.001" classname="org.apache.commons.lang3.ValidateTest" name="testNotEmptyString2"/>
  <testcase time="0" classname="org.apache.commons.lang3.ValidateTest" name="testNotEmptyCollection1"/>
  <testcase time="0" classname="org.apache.commons.lang3.ValidateTest" name="testNotEmptyCollection2"/>
  <testcase time="0" classname="org.apache.commons.lang3.ValidateTest" name="testNotBlankMsgBlankStringWithWhitespacesShouldThrow"/>
  <testcase time="0.001" classname="org.apache.commons.lang3.ValidateTest" name="testNotEmptyArray1"/>
  <testcase time="0" classname="org.apache.commons.lang3.ValidateTest" name="testNotEmptyArray2"/>
  <testcase time="0" classname="org.apache.commons.lang3.ValidateTest" name="testValidIndex_collection"/>
  <testcase time="0" classname="org.apache.commons.lang3.ValidateTest" name="testMatchesPattern_withMessage"/>
  <testcase time="0.001" classname="org.apache.commons.lang3.ValidateTest" name="testNotBlankNotBlankStringWithWhitespacesShouldNotThrow"/>
  <testcase time="0" classname="org.apache.commons.lang3.ValidateTest" name="testIsTrue1"/>
  <testcase time="0" classname="org.apache.commons.lang3.ValidateTest" name="testIsTrue2"/>
  <testcase time="0" classname="org.apache.commons.lang3.ValidateTest" name="testIsTrue3"/>
  <testcase time="0" classname="org.apache.commons.lang3.ValidateTest" name="testIsTrue4"/>
  <testcase time="0.001" classname="org.apache.commons.lang3.ValidateTest" name="testIsTrue5"/>
  <testcase time="0" classname="org.apache.commons.lang3.ValidateTest" name="testExclusiveBetween_withMessage"/>
  <testcase time="0" classname="org.apache.commons.lang3.ValidateTest" name="testNotBlankBlankStringWithWhitespacesShouldThrow"/>
  <testcase time="0" classname="org.apache.commons.lang3.ValidateTest" name="testConstructor"/>
  <testcase time="0" classname="org.apache.commons.lang3.ValidateTest" name="testIsInstanceOf_withMessage"/>
  <testcase time="0" classname="org.apache.commons.lang3.ValidateTest" name="testNoNullElementsArray1"/>
  <testcase time="0" classname="org.apache.commons.lang3.ValidateTest" name="testNoNullElementsArray2"/>
</testsuite>